
Showing logs for build [32mcb-kubecd-bdd-gh-1584299001-pr-nsnrk-1[0m stage [32mfrom-build-pack[0m and container [32mstep-credential-initializer-jgv24[0m
{"level":"warn","ts":1584299567.0094626,"logger":"fallback-logger","caller":"logging/config.go:69","msg":"Fetch GitHub commit ID from kodata failed: \"ref: refs/heads/0.8.0-**-support-backwards-incompats\" is not a valid GitHub commit ID"}
{"level":"info","ts":1584299567.0099893,"logger":"fallback-logger","caller":"creds-init/main.go:40","msg":"Credentials initialized."}

Showing logs for build [32mcb-kubecd-bdd-gh-1584299001-pr-nsnrk-1[0m stage [32mfrom-build-pack[0m and container [32mstep-working-dir-initializer-rzxsh[0m
{"level":"warn","ts":1584299568.5457625,"logger":"fallback-logger","caller":"logging/config.go:69","msg":"Fetch GitHub commit ID from kodata failed: open /var/run/ko/HEAD: no such file or directory"}
{"level":"info","ts":1584299568.5470216,"logger":"fallback-logger","caller":"bash/main.go:64","msg":"Successfully executed command \"sh -c mkdir -p /workspace/source\"; output "}

Showing logs for build [32mcb-kubecd-bdd-gh-1584299001-pr-nsnrk-1[0m stage [32mfrom-build-pack[0m and container [32mstep-place-tools[0m

Showing logs for build [32mcb-kubecd-bdd-gh-1584299001-pr-nsnrk-1[0m stage [32mfrom-build-pack[0m and container [32mstep-git-source-cb-kubecd-bdd-gh-1584299001-pr-nsnrk-blhtm[0m
{"level":"warn","ts":1584299575.9408064,"logger":"fallback-logger","caller":"logging/config.go:69","msg":"Fetch GitHub commit ID from kodata failed: \"ref: refs/heads/0.8.0-**-support-backwards-incompats\" is not a valid GitHub commit ID"}
{"level":"info","ts":1584299576.9999082,"logger":"fallback-logger","caller":"git/git.go:103","msg":"Successfully cloned https://github.com/cb-kubecd/bdd-gh-1584299001.git @ master in path /workspace/source"}

Showing logs for build [32mcb-kubecd-bdd-gh-1584299001-pr-nsnrk-1[0m stage [32mfrom-build-pack[0m and container [32mstep-git-merge[0m
Using SHAs from PULL_REFS=master:f0cba2c484b8b3de0b6888a6bfbfbd944109ae84,1:edb4d5e7217e409edeaa0d3237f5a377ffdc0501
DEBUG: LC_ALL=C JX_LOG_LEVEL=error git fetch origin --unshallow edb4d5e7217e409edeaa0d3237f5a377ffdc0501: f0cba2c484b8b3de0b6888a6bfbfbd944109ae84:
DEBUG: ran git fetch --unshallow origin edb4d5e7217e409edeaa0d3237f5a377ffdc0501: f0cba2c484b8b3de0b6888a6bfbfbd944109ae84: in 
DEBUG: LC_ALL=C JX_LOG_LEVEL=error git branch
DEBUG: LC_ALL=C JX_LOG_LEVEL=error git checkout master
DEBUG: ran git checkout master in 
DEBUG: LC_ALL=C JX_LOG_LEVEL=error git reset --hard f0cba2c484b8b3de0b6888a6bfbfbd944109ae84
DEBUG: ran git reset --hard f0cba2c484b8b3de0b6888a6bfbfbd944109ae84 in 
DEBUG: LC_ALL=C JX_LOG_LEVEL=error git clean -fd .
DEBUG: ran clean --force -d . in 
DEBUG: LC_ALL=C JX_LOG_LEVEL=error git merge edb4d5e7217e409edeaa0d3237f5a377ffdc0501
DEBUG: ran git merge edb4d5e7217e409edeaa0d3237f5a377ffdc0501 in 
DEBUG: LC_ALL=C JX_LOG_LEVEL=error git log --format=%H%x1f%an%x1f%ae%x1f%cn%x1f%ce%x1f%s%n%b%x1e f0cba2c484b8b3de0b6888a6bfbfbd944109ae84..HEAD
Merged SHA edb4d5e7217e409edeaa0d3237f5a377ffdc0501 with commit message 'My first PR commit' into base branch master

Showing logs for build [32mcb-kubecd-bdd-gh-1584299001-pr-nsnrk-1[0m stage [32mfrom-build-pack[0m and container [32mstep-build-make-linux[0m
CGO_ENABLED=0 GOOS=linux GOARCH=amd64 GO15VENDOREXPERIMENT=1 go build -ldflags '' -o bin/bdd-gh-1584299001 main.go

Showing logs for build [32mcb-kubecd-bdd-gh-1584299001-pr-nsnrk-1[0m stage [32mfrom-build-pack[0m and container [32mstep-build-container-build[0m
[36mINFO[0m[0000] No base image, nothing to extract            
[36mINFO[0m[0000] cmd: EXPOSE                                  
[36mINFO[0m[0000] Adding exposed port: 8080/tcp                
[36mINFO[0m[0000] Using files from context: [/workspace/source/bin] 
[36mINFO[0m[0000] Skipping unpacking as no commands require it. 
[36mINFO[0m[0000] Taking snapshot of full filesystem...        
[36mINFO[0m[0000] EXPOSE 8080                                  
[36mINFO[0m[0000] cmd: EXPOSE                                  
[36mINFO[0m[0000] Adding exposed port: 8080/tcp                
[36mINFO[0m[0000] No files changed in this command, skipping snapshotting. 
[36mINFO[0m[0000] ENTRYPOINT ["/bdd-gh-1584299001"]            
[36mINFO[0m[0000] No files changed in this command, skipping snapshotting. 
[36mINFO[0m[0000] Using files from context: [/workspace/source/bin] 
[36mINFO[0m[0000] COPY ./bin/ /                                
[36mINFO[0m[0000] Taking snapshot of files...                  
2020/03/15 19:13:14 pushed blob: sha256:ae319807aee10452efb2f4469776b6abd1ab236224b48c5d2ff8da87e345252f
2020/03/15 19:13:15 pushed blob: sha256:7e52f9c8e2ea1a5ace977502264e4a499b023bedc3a960d56868ba386d314ab9
2020/03/15 19:13:16 gcr.io/jenkins-x-bdd3/bdd-gh-1584299001:0.0.0-SNAPSHOT-PR-1-1: digest: sha256:2b6fb4bca09ac24c3d9e5b5a43e36db6aab913c020f09f9950bd1f02da1ebef4 size: 428

Showing logs for build [32mcb-kubecd-bdd-gh-1584299001-pr-nsnrk-1[0m stage [32mfrom-build-pack[0m and container [32mstep-postbuild-post-build[0m
no CVE provider running in the current ** namespace so skip adding image to be analysed

Showing logs for build [32mcb-kubecd-bdd-gh-1584299001-pr-nsnrk-1[0m stage [32mfrom-build-pack[0m and container [32mstep-promote-make-preview[0m
sed -i -e "s/version:.*/version: 0.0.0-SNAPSHOT-PR-1-1/" Chart.yaml
sed -i -e "s/version:.*/version: 0.0.0-SNAPSHOT-PR-1-1/" ../*/Chart.yaml
sed -i -e "s|repository:.*|repository: gcr.io\/jenkins-x-bdd3\/bdd-gh-1584299001|" values.yaml
sed -i -e "s/tag:.*/tag: 0.0.0-SNAPSHOT-PR-1-1/" values.yaml
echo "  version: 0.0.0-SNAPSHOT-PR-1-1" >> requirements.yaml
** step helm build
WARNING: No $CHART_REPOSITORY defined so using the default value of: http://jenkins-x-chartmuseum:8080
Adding missing Helm repo: storage.googleapis.com https://storage.googleapis.com/chartmuseum.jenkins-x.io
WARNING: No secrets found on "helm/repos" due: reading the secret "helm/repos" from vault: no secret "helm/repos" not found in vault
Read credentials for https://storage.googleapis.com/chartmuseum.jenkins-x.io from vault helm/repos
Successfully added Helm repository storage.googleapis.com.
Adding missing Helm repo: jenkins-x-chartmuseum http://jenkins-x-chartmuseum:8080
WARNING: No secrets found on "helm/repos" due: reading the secret "helm/repos" from vault: no secret "helm/repos" not found in vault
Read credentials for http://jenkins-x-chartmuseum:8080 from vault helm/repos
Successfully added Helm repository jenkins-x-chartmuseum.
WARNING: No $CHART_REPOSITORY defined so using the default value of: http://jenkins-x-chartmuseum:8080
Adding missing Helm repo: chartmuseum.jenkins-x.io http://chartmuseum.jenkins-x.io
WARNING: No secrets found on "helm/repos" due: reading the secret "helm/repos" from vault: no secret "helm/repos" not found in vault
Read credentials for http://chartmuseum.jenkins-x.io from vault helm/repos
Successfully added Helm repository chartmuseum.jenkins-x.io.

Showing logs for build [32mcb-kubecd-bdd-gh-1584299001-pr-nsnrk-1[0m stage [32mfrom-build-pack[0m and container [32mstep-promote-jx-preview[0m
Creating a preview
Created environment cb-kubecd-bdd-gh-1584299001-pr-1
Namespace **-cb-kubecd-bdd-gh-1584299001-pr-1 created 
expose:
  Annotations:
    helm.sh/hook: post-install,post-upgrade
    helm.sh/hook-delete-policy: hook-succeeded
  config:
    domain: 35.195.21.243.nip.io
    exposer: Ingress
    http: "true"
preview:
  image:
    repository: gcr.io/jenkins-x-bdd3/bdd-gh-1584299001
    tag: 0.0.0-SNAPSHOT-PR-1-1

Updating PipelineActivities cb-kubecd-bdd-gh-1584299001-pr-1-1 which has status Running
Preview application is now available at: http://bdd-gh-1584299001.**-cb-kubecd-bdd-gh-1584299001-pr-1.35.195.21.243.nip.io
